[2015-12-10 12:31:34][debug] Pay order with weChat payment
[2015-12-10 12:31:36][debug] Response of WxPayApi::unifiedOrder:Array
(
    [return_code] => FAIL
    [return_msg] => appid不存在
)

[2015-12-10 12:31:38][debug] Generate WeChat QR Code:
[2015-12-10 12:31:41][debug]  start loop !
[2015-12-10 12:31:41][debug]  check_wechatpay_response orderid:551is need pay:
[2015-12-10 12:31:44][debug]  start loop !
[2015-12-10 12:31:44][debug]  check_wechatpay_response orderid:551is need pay:
[2015-12-10 12:31:47][debug]  start loop !
[2015-12-10 12:31:47][debug]  check_wechatpay_response orderid:551is need pay:
[2015-12-10 12:31:51][debug]  start loop !
[2015-12-10 12:31:51][debug]  check_wechatpay_response orderid:551is need pay:
[2015-12-10 12:31:54][debug]  start loop !
[2015-12-10 12:31:54][debug]  check_wechatpay_response orderid:551is need pay:
[2015-12-10 12:31:57][debug]  start loop !
[2015-12-10 12:31:57][debug]  check_wechatpay_response orderid:551is need pay:
[2015-12-10 12:32:00][debug]  start loop !
[2015-12-10 12:32:00][debug]  check_wechatpay_response orderid:551is need pay:
[2015-12-10 12:32:03][debug]  start loop !
[2015-12-10 12:32:03][debug]  check_wechatpay_response orderid:551is need pay:
[2015-12-10 12:32:06][debug]  start loop !
[2015-12-10 12:32:06][debug]  check_wechatpay_response orderid:551is need pay:
[2015-12-10 12:32:09][debug]  start loop !
[2015-12-10 12:32:09][debug]  check_wechatpay_response orderid:551is need pay:
[2015-12-10 12:32:13][debug]  start loop !
[2015-12-10 12:32:13][debug]  check_wechatpay_response orderid:551is need pay:
[2015-12-10 12:32:16][debug]  start loop !
[2015-12-10 12:32:16][debug]  check_wechatpay_response orderid:551is need pay:
[2015-12-10 12:32:20][debug]  start loop !
[2015-12-10 12:32:20][debug]  check_wechatpay_response orderid:551is need pay:
[2015-12-10 12:32:23][debug]  start loop !
[2015-12-10 12:32:23][debug]  check_wechatpay_response orderid:551is need pay:
[2015-12-10 12:32:27][debug]  start loop !
[2015-12-10 12:32:27][debug]  check_wechatpay_response orderid:551is need pay:
[2015-12-10 12:32:30][debug]  start loop !
[2015-12-10 12:32:30][debug]  check_wechatpay_response orderid:551is need pay:
[2015-12-10 12:32:34][debug]  start loop !
[2015-12-10 12:32:34][debug]  check_wechatpay_response orderid:551is need pay:
[2015-12-10 12:32:37][debug]  start loop !
[2015-12-10 12:32:37][debug]  check_wechatpay_response orderid:551is need pay:
[2015-12-10 12:32:41][debug]  start loop !
[2015-12-10 12:32:41][debug]  check_wechatpay_response orderid:551is need pay:
[2015-12-10 12:32:44][debug]  start loop !
[2015-12-10 12:32:44][debug]  check_wechatpay_response orderid:551is need pay:
[2015-12-10 12:32:47][debug]  start loop !
[2015-12-10 12:32:47][debug]  check_wechatpay_response orderid:551is need pay:
[2015-12-10 12:32:51][debug]  start loop !
[2015-12-10 12:32:51][debug]  check_wechatpay_response orderid:551is need pay:
[2015-12-10 12:32:54][debug]  start loop !
[2015-12-10 12:32:54][debug]  check_wechatpay_response orderid:551is need pay:
[2015-12-10 12:32:57][debug]  start loop !
[2015-12-10 12:32:57][debug]  check_wechatpay_response orderid:551is need pay:
[2015-12-10 12:33:00][debug]  start loop !
[2015-12-10 12:33:00][debug]  check_wechatpay_response orderid:551is need pay:
[2015-12-10 12:33:04][debug]  start loop !
[2015-12-10 12:33:04][debug]  check_wechatpay_response orderid:551is need pay:
[2015-12-10 12:33:07][debug]  start loop !
[2015-12-10 12:33:07][debug]  check_wechatpay_response orderid:551is need pay:
[2015-12-10 12:33:10][debug]  start loop !
[2015-12-10 12:33:10][debug]  check_wechatpay_response orderid:551is need pay:
[2015-12-10 12:33:13][debug]  start loop !
[2015-12-10 12:33:13][debug]  check_wechatpay_response orderid:551is need pay:
[2015-12-10 12:33:16][debug]  start loop !
[2015-12-10 12:33:16][debug]  check_wechatpay_response orderid:551is need pay:
[2015-12-10 12:34:46][debug] Pay order with weChat payment
[2015-12-10 12:34:47][debug] Response of WxPayApi::unifiedOrder:Array
(
    [return_code] => FAIL
    [return_msg] => appid不存在
)

[2015-12-10 12:34:51][debug] Generate WeChat QR Code:
[2015-12-10 12:34:52][debug]  start loop !
[2015-12-10 12:34:52][debug]  check_wechatpay_response orderid:552is need pay:
[2015-12-10 12:34:56][debug]  start loop !
[2015-12-10 12:34:56][debug]  check_wechatpay_response orderid:552is need pay:
[2015-12-10 12:34:59][debug]  start loop !
[2015-12-10 12:34:59][debug]  check_wechatpay_response orderid:552is need pay:
[2015-12-10 12:35:03][debug]  start loop !
[2015-12-10 12:35:03][debug]  check_wechatpay_response orderid:552is need pay:
[2015-12-10 12:35:06][debug]  start loop !
[2015-12-10 12:35:06][debug]  check_wechatpay_response orderid:552is need pay:
[2015-12-10 12:35:09][debug]  start loop !
[2015-12-10 12:35:09][debug]  check_wechatpay_response orderid:552is need pay:
[2015-12-10 12:35:13][debug]  start loop !
[2015-12-10 12:35:13][debug]  check_wechatpay_response orderid:552is need pay:
[2015-12-10 12:35:17][debug]  start loop !
[2015-12-10 12:35:17][debug]  check_wechatpay_response orderid:552is need pay:
[2015-12-10 12:35:20][debug]  start loop !
[2015-12-10 12:35:20][debug]  check_wechatpay_response orderid:552is need pay:
[2015-12-10 12:35:24][debug]  start loop !
[2015-12-10 12:35:24][debug]  check_wechatpay_response orderid:552is need pay:
[2015-12-10 12:35:28][debug]  start loop !
[2015-12-10 12:35:28][debug]  check_wechatpay_response orderid:552is need pay:
[2015-12-10 12:35:31][debug]  start loop !
[2015-12-10 12:35:32][debug]  check_wechatpay_response orderid:552is need pay:
